#-----------------------------------------------------------
# Webtalk v2018.1 (64-bit)
# SW Build 2188600 on Wed Apr  4 18:39:19 MDT 2018
# 
# Start of session at: Fri Dec  4 18:21:59 2020
# Process ID: 26122
# Current directory: /home/lucasml/Escritorio/CESE/Microarquitecturasysoftcores/Laboratorios/laboratorio2/laboratorio2.sdk/webtalk
# Command line: wbtcv -mode batch -source sdk_webtalk.tcl
# Log file: /home/lucasml/Escritorio/CESE/Microarquitecturasysoftcores/Laboratorios/laboratorio2/laboratorio2.sdk/webtalk/webtalk.log
# Journal file: /home/lucasml/Escritorio/CESE/Microarquitecturasysoftcores/Laboratorios/laboratorio2/laboratorio2.sdk/webtalk/webtalk.jou
#-----------------------------------------------------------
source sdk_webtalk.tcl
# webtalk_init -webtalk_dir /home/lucasml/Escritorio/CESE/Microarquitecturasysoftcores/Laboratorios/laboratorio2/laboratorio2.sdk/webtalk
# webtalk_register_client -client project
# webtalk_add_data -client project -key date_generated -value "2020-12-04 18:21:58" -context "software_version_and_target_device"
# webtalk_add_data -client project -key product_version -value "SDK v2018.1" -context "software_version_and_target_device"
# webtalk_add_data -client project -key build_version -value "2018.1" -context "software_version_and_target_device"
# webtalk_add_data -client project -key os_platform -value "amd64" -context "software_version_and_target_device"
# webtalk_add_data -client project -key registration_id -value "" -context "software_version_and_target_device"
# webtalk_add_data -client project -key tool_flow -value "SDK" -context "software_version_and_target_device"
# webtalk_add_data -client project -key beta -value "false" -context "software_version_and_target_device"
# webtalk_add_data -client project -key route_design -value "NA" -context "software_version_and_target_device"
# webtalk_add_data -client project -key target_family -value "NA" -context "software_version_and_target_device"
# webtalk_add_data -client project -key target_device -value "NA" -context "software_version_and_target_device"
# webtalk_add_data -client project -key target_package -value "NA" -context "software_version_and_target_device"
# webtalk_add_data -client project -key target_speed -value "NA" -context "software_version_and_target_device"
# webtalk_add_data -client project -key random_id -value "at0601jifs8u8it3rpv3qps0nk" -context "software_version_and_target_device"
# webtalk_add_data -client project -key project_id -value "2018.1_7" -context "software_version_and_target_device"
# webtalk_add_data -client project -key project_iteration -value "7" -context "software_version_and_target_device"
# webtalk_add_data -client project -key os_name -value "Ubuntu" -context "user_environment"
# webtalk_add_data -client project -key os_release -value "Ubuntu 18.04.5 LTS" -context "user_environment"
# webtalk_add_data -client project -key cpu_name -value "Intel(R) Core(TM) i5-7300HQ CPU @ 2.50GHz" -context "user_environment"
# webtalk_add_data -client project -key cpu_speed -value "3249.530 MHz" -context "user_environment"
# webtalk_add_data -client project -key total_processors -value "1" -context "user_environment"
# webtalk_add_data -client project -key system_ram -value "16,651 GB" -context "user_environment"
# webtalk_register_client -client sdk
# webtalk_add_data -client sdk -key uid -value "1607116159000" -context "sdk\\\\hardware/1607116159000"
# webtalk_add_data -client sdk -key isZynq -value "true" -context "sdk\\\\hardware/1607116159000"
# webtalk_add_data -client sdk -key isZynqMP -value "false" -context "sdk\\\\hardware/1607116159000"
# webtalk_add_data -client sdk -key Processors -value "2" -context "sdk\\\\hardware/1607116159000"
# webtalk_add_data -client sdk -key VivadoVersion -value "2018.1" -context "sdk\\\\hardware/1607116159000"
# webtalk_add_data -client sdk -key Arch -value "zynq" -context "sdk\\\\hardware/1607116159000"
# webtalk_add_data -client sdk -key Device -value "7z010" -context "sdk\\\\hardware/1607116159000"
# webtalk_add_data -client sdk -key IsHandoff -value "true" -context "sdk\\\\hardware/1607116159000"
# webtalk_add_data -client sdk -key os -value "NA" -context "sdk\\\\hardware/1607116159000"
# webtalk_add_data -client sdk -key apptemplate -value "NA" -context "sdk\\\\hardware/1607116159000"
# webtalk_add_data -client sdk -key RecordType -value "HWCreation" -context "sdk\\\\hardware/1607116159000"
# webtalk_add_data -client sdk -key uid -value "1607116338000" -context "sdk\\\\bsp/1607116338000"
# webtalk_add_data -client sdk -key hwid -value "1607116159000" -context "sdk\\\\bsp/1607116338000"
# webtalk_add_data -client sdk -key os -value "standalone" -context "sdk\\\\bsp/1607116338000"
# webtalk_add_data -client sdk -key apptemplate -value "null" -context "sdk\\\\bsp/1607116338000"
# webtalk_add_data -client sdk -key RecordType -value "BSPCreation" -context "sdk\\\\bsp/1607116338000"
# webtalk_add_data -client sdk -key uid -value "1607116396000" -context "sdk\\\\application/1607116396000"
# webtalk_add_data -client sdk -key hwid -value "1607116159000" -context "sdk\\\\application/1607116396000"
# webtalk_add_data -client sdk -key bspid -value "1607116338000" -context "sdk\\\\application/1607116396000"
# webtalk_add_data -client sdk -key newbsp -value "false" -context "sdk\\\\application/1607116396000"
# webtalk_add_data -client sdk -key os -value "standalone" -context "sdk\\\\application/1607116396000"
# webtalk_add_data -client sdk -key apptemplate -value "empty_application" -context "sdk\\\\application/1607116396000"
# webtalk_add_data -client sdk -key RecordType -value "APPCreation" -context "sdk\\\\application/1607116396000"
# webtalk_add_data -client sdk -key LangUsed -value "C" -context "sdk\\\\application/1607116396000"
# webtalk_add_data -client sdk -key Procused -value "ps7_cortexa9" -context "sdk\\\\application/1607116396000"
# webtalk_add_data -client sdk -key projSize -value "228.50390625" -context "sdk\\\\application/1607116396000"
# webtalk_add_data -client sdk -key uid -value "NA" -context "sdk\\\\bsp/1607116918405"
# webtalk_add_data -client sdk -key RecordType -value "ToolUsage" -context "sdk\\\\bsp/1607116918405"
# webtalk_add_data -client sdk -key BootgenCount -value "0" -context "sdk\\\\bsp/1607116918405"
# webtalk_add_data -client sdk -key DebugCount -value "0" -context "sdk\\\\bsp/1607116918405"
# webtalk_add_data -client sdk -key PerfCount -value "0" -context "sdk\\\\bsp/1607116918405"
# webtalk_add_data -client sdk -key FlashCount -value "0" -context "sdk\\\\bsp/1607116918405"
# webtalk_add_data -client sdk -key CrossTriggCount -value "0" -context "sdk\\\\bsp/1607116918405"
# webtalk_add_data -client sdk -key QemuDebugCount -value "0" -context "sdk\\\\bsp/1607116918405"
# webtalk_transmit -clientid 493630907 -regid "" -xml /home/lucasml/Escritorio/CESE/Microarquitecturasysoftcores/Laboratorios/laboratorio2/laboratorio2.sdk/webtalk/usage_statistics_ext_sdk.xml -html /home/lucasml/Escritorio/CESE/Microarquitecturasysoftcores/Laboratorios/laboratorio2/laboratorio2.sdk/webtalk/usage_statistics_ext_sdk.html -wdm /home/lucasml/Escritorio/CESE/Microarquitecturasysoftcores/Laboratorios/laboratorio2/laboratorio2.sdk/webtalk/sdk_webtalk.wdm -intro "<H3>SDK Usage Report</H3><BR>"
# webtalk_terminate
INFO: [Common 17-206] Exiting Webtalk at Fri Dec  4 18:22:00 2020...
