
*** Running vivado
    with args -log system_VGA_CONTROLLER_0_0.vds -m64 -product Vivado -mode batch -messageDb vivado.pb -notrace -source system_VGA_CONTROLLER_0_0.tcl


****** Vivado v2018.1 (64-bit)
  **** SW Build 2188600 on Wed Apr  4 18:39:19 MDT 2018
  **** IP Build 2185939 on Wed Apr  4 20:55:05 MDT 2018
    ** Copyright 1986-2018 Xilinx, Inc. All Rights Reserved.

Sourcing tcl script '/home/lucasml/.Xilinx/Vivado/Vivado_init.tcl'
source system_VGA_CONTROLLER_0_0.tcl -notrace
Command: synth_design -top system_VGA_CONTROLLER_0_0 -part xc7z010clg400-1 -mode out_of_context
Starting synth_design
Attempting to get a license for feature 'Synthesis' and/or device 'xc7z010'
INFO: [Common 17-349] Got license for feature 'Synthesis' and/or device 'xc7z010'
INFO: Launching helper process for spawning children vivado processes
INFO: Helper process launched with PID 9794 
---------------------------------------------------------------------------------
Starting RTL Elaboration : Time (s): cpu = 00:00:08 ; elapsed = 00:00:10 . Memory (MB): peak = 1329.379 ; gain = 87.000 ; free physical = 6392 ; free virtual = 10072
---------------------------------------------------------------------------------
INFO: [Synth 8-638] synthesizing module 'system_VGA_CONTROLLER_0_0' [/home/lucasml/Escritorio/CESE/Microarquitecturasysoftcores/Laboratorios/laboratorio4/laboratorio4.srcs/sources_1/bd/system/ip/system_VGA_CONTROLLER_0_0/synth/system_VGA_CONTROLLER_0_0.vhd:89]
	Parameter C_CONTROLLER_AXI_DATA_WIDTH bound to: 32 - type: integer 
	Parameter C_CONTROLLER_AXI_ADDR_WIDTH bound to: 4 - type: integer 
INFO: [Synth 8-3491] module 'VGA_CONTROLLER_v1_0' declared at '/home/lucasml/Escritorio/CESE/Microarquitecturasysoftcores/Laboratorios/laboratorio4/laboratorio4.srcs/sources_1/bd/system/ipshared/ed04/hdl/VGA_CONTROLLER_v1_0.vhd:5' bound to instance 'U0' of component 'VGA_CONTROLLER_v1_0' [/home/lucasml/Escritorio/CESE/Microarquitecturasysoftcores/Laboratorios/laboratorio4/laboratorio4.srcs/sources_1/bd/system/ip/system_VGA_CONTROLLER_0_0/synth/system_VGA_CONTROLLER_0_0.vhd:160]
INFO: [Synth 8-638] synthesizing module 'VGA_CONTROLLER_v1_0' [/home/lucasml/Escritorio/CESE/Microarquitecturasysoftcores/Laboratorios/laboratorio4/laboratorio4.srcs/sources_1/bd/system/ipshared/ed04/hdl/VGA_CONTROLLER_v1_0.vhd:55]
	Parameter C_CONTROLLER_AXI_DATA_WIDTH bound to: 32 - type: integer 
	Parameter C_CONTROLLER_AXI_ADDR_WIDTH bound to: 4 - type: integer 
	Parameter C_S_AXI_DATA_WIDTH bound to: 32 - type: integer 
	Parameter C_S_AXI_ADDR_WIDTH bound to: 4 - type: integer 
INFO: [Synth 8-3491] module 'VGA_CONTROLLER_v1_0_CONTROLLER_AXI' declared at '/home/lucasml/Escritorio/CESE/Microarquitecturasysoftcores/Laboratorios/laboratorio4/laboratorio4.srcs/sources_1/bd/system/ipshared/ed04/hdl/VGA_CONTROLLER_v1_0_CONTROLLER_AXI.vhd:5' bound to instance 'VGA_CONTROLLER_v1_0_CONTROLLER_AXI_inst' of component 'VGA_CONTROLLER_v1_0_CONTROLLER_AXI' [/home/lucasml/Escritorio/CESE/Microarquitecturasysoftcores/Laboratorios/laboratorio4/laboratorio4.srcs/sources_1/bd/system/ipshared/ed04/hdl/VGA_CONTROLLER_v1_0.vhd:103]
INFO: [Synth 8-638] synthesizing module 'VGA_CONTROLLER_v1_0_CONTROLLER_AXI' [/home/lucasml/Escritorio/CESE/Microarquitecturasysoftcores/Laboratorios/laboratorio4/laboratorio4.srcs/sources_1/bd/system/ipshared/ed04/hdl/VGA_CONTROLLER_v1_0_CONTROLLER_AXI.vhd:92]
	Parameter C_S_AXI_DATA_WIDTH bound to: 32 - type: integer 
	Parameter C_S_AXI_ADDR_WIDTH bound to: 4 - type: integer 
INFO: [Synth 8-226] default block is never used [/home/lucasml/Escritorio/CESE/Microarquitecturasysoftcores/Laboratorios/laboratorio4/laboratorio4.srcs/sources_1/bd/system/ipshared/ed04/hdl/VGA_CONTROLLER_v1_0_CONTROLLER_AXI.vhd:255]
INFO: [Synth 8-226] default block is never used [/home/lucasml/Escritorio/CESE/Microarquitecturasysoftcores/Laboratorios/laboratorio4/laboratorio4.srcs/sources_1/bd/system/ipshared/ed04/hdl/VGA_CONTROLLER_v1_0_CONTROLLER_AXI.vhd:385]
INFO: [Synth 8-3491] module 'syncrovga' declared at '/home/lucasml/Escritorio/CESE/Microarquitecturasysoftcores/Laboratorios/laboratorio4/laboratorio4.srcs/sources_1/bd/system/ipshared/ed04/src/design.vhd:6' bound to instance 'controller_vga' of component 'syncrovga' [/home/lucasml/Escritorio/CESE/Microarquitecturasysoftcores/Laboratorios/laboratorio4/laboratorio4.srcs/sources_1/bd/system/ipshared/ed04/hdl/VGA_CONTROLLER_v1_0_CONTROLLER_AXI.vhd:427]
INFO: [Synth 8-638] synthesizing module 'syncrovga' [/home/lucasml/Escritorio/CESE/Microarquitecturasysoftcores/Laboratorios/laboratorio4/laboratorio4.srcs/sources_1/bd/system/ipshared/ed04/src/design.vhd:25]
	Parameter N bound to: 11 - type: integer 
	Parameter TOTAL_COL bound to: 1056 - type: integer 
	Parameter TOTAL_ROW bound to: 628 - type: integer 
	Parameter ACTIVE_COL bound to: 800 - type: integer 
	Parameter ACTIVE_ROW bound to: 600 - type: integer 
INFO: [Synth 8-3491] module 'p_prueba' declared at '/home/lucasml/Escritorio/CESE/Microarquitecturasysoftcores/Laboratorios/laboratorio4/laboratorio4.srcs/sources_1/bd/system/ipshared/ed04/src/colors.vhd:6' bound to instance 'patrones_inst' of component 'p_prueba' [/home/lucasml/Escritorio/CESE/Microarquitecturasysoftcores/Laboratorios/laboratorio4/laboratorio4.srcs/sources_1/bd/system/ipshared/ed04/src/design.vhd:140]
INFO: [Synth 8-638] synthesizing module 'p_prueba' [/home/lucasml/Escritorio/CESE/Microarquitecturasysoftcores/Laboratorios/laboratorio4/laboratorio4.srcs/sources_1/bd/system/ipshared/ed04/src/colors.vhd:27]
	Parameter TOTAL_COL bound to: 1056 - type: integer 
	Parameter TOTAL_ROW bound to: 628 - type: integer 
	Parameter ACTIVE_COL bound to: 800 - type: integer 
	Parameter ACTIVE_ROW bound to: 600 - type: integer 
WARNING: [Synth 8-614] signal 'p_red' is read in the process but is not in the sensitivity list [/home/lucasml/Escritorio/CESE/Microarquitecturasysoftcores/Laboratorios/laboratorio4/laboratorio4.srcs/sources_1/bd/system/ipshared/ed04/src/colors.vhd:86]
WARNING: [Synth 8-614] signal 'p_green' is read in the process but is not in the sensitivity list [/home/lucasml/Escritorio/CESE/Microarquitecturasysoftcores/Laboratorios/laboratorio4/laboratorio4.srcs/sources_1/bd/system/ipshared/ed04/src/colors.vhd:86]
WARNING: [Synth 8-614] signal 'p_blue' is read in the process but is not in the sensitivity list [/home/lucasml/Escritorio/CESE/Microarquitecturasysoftcores/Laboratorios/laboratorio4/laboratorio4.srcs/sources_1/bd/system/ipshared/ed04/src/colors.vhd:86]
INFO: [Synth 8-256] done synthesizing module 'p_prueba' (1#1) [/home/lucasml/Escritorio/CESE/Microarquitecturasysoftcores/Laboratorios/laboratorio4/laboratorio4.srcs/sources_1/bd/system/ipshared/ed04/src/colors.vhd:27]
WARNING: [Synth 8-6014] Unused sequential element flagpixelhsync_reg was removed.  [/home/lucasml/Escritorio/CESE/Microarquitecturasysoftcores/Laboratorios/laboratorio4/laboratorio4.srcs/sources_1/bd/system/ipshared/ed04/src/design.vhd:89]
WARNING: [Synth 8-6014] Unused sequential element flagpixelvsync_reg was removed.  [/home/lucasml/Escritorio/CESE/Microarquitecturasysoftcores/Laboratorios/laboratorio4/laboratorio4.srcs/sources_1/bd/system/ipshared/ed04/src/design.vhd:101]
INFO: [Synth 8-256] done synthesizing module 'syncrovga' (2#1) [/home/lucasml/Escritorio/CESE/Microarquitecturasysoftcores/Laboratorios/laboratorio4/laboratorio4.srcs/sources_1/bd/system/ipshared/ed04/src/design.vhd:25]
WARNING: [Synth 8-6014] Unused sequential element loc_addr_reg was removed.  [/home/lucasml/Escritorio/CESE/Microarquitecturasysoftcores/Laboratorios/laboratorio4/laboratorio4.srcs/sources_1/bd/system/ipshared/ed04/hdl/VGA_CONTROLLER_v1_0_CONTROLLER_AXI.vhd:253]
INFO: [Synth 8-256] done synthesizing module 'VGA_CONTROLLER_v1_0_CONTROLLER_AXI' (3#1) [/home/lucasml/Escritorio/CESE/Microarquitecturasysoftcores/Laboratorios/laboratorio4/laboratorio4.srcs/sources_1/bd/system/ipshared/ed04/hdl/VGA_CONTROLLER_v1_0_CONTROLLER_AXI.vhd:92]
INFO: [Synth 8-256] done synthesizing module 'VGA_CONTROLLER_v1_0' (4#1) [/home/lucasml/Escritorio/CESE/Microarquitecturasysoftcores/Laboratorios/laboratorio4/laboratorio4.srcs/sources_1/bd/system/ipshared/ed04/hdl/VGA_CONTROLLER_v1_0.vhd:55]
INFO: [Synth 8-256] done synthesizing module 'system_VGA_CONTROLLER_0_0' (5#1) [/home/lucasml/Escritorio/CESE/Microarquitecturasysoftcores/Laboratorios/laboratorio4/laboratorio4.srcs/sources_1/bd/system/ip/system_VGA_CONTROLLER_0_0/synth/system_VGA_CONTROLLER_0_0.vhd:89]
WARNING: [Synth 8-3331] design p_prueba has unconnected port slv_reg_wren
WARNING: [Synth 8-3331] design p_prueba has unconnected port axi_awaddr[3]
WARNING: [Synth 8-3331] design p_prueba has unconnected port axi_awaddr[2]
WARNING: [Synth 8-3331] design p_prueba has unconnected port axi_awaddr[1]
WARNING: [Synth 8-3331] design p_prueba has unconnected port axi_awaddr[0]
WARNING: [Synth 8-3331] design p_prueba has unconnected port S_AXI_WDATA[31]
WARNING: [Synth 8-3331] design p_prueba has unconnected port S_AXI_WDATA[30]
WARNING: [Synth 8-3331] design p_prueba has unconnected port S_AXI_WDATA[29]
WARNING: [Synth 8-3331] design p_prueba has unconnected port S_AXI_WDATA[28]
WARNING: [Synth 8-3331] design p_prueba has unconnected port S_AXI_WDATA[27]
WARNING: [Synth 8-3331] design p_prueba has unconnected port S_AXI_WDATA[26]
WARNING: [Synth 8-3331] design p_prueba has unconnected port S_AXI_WDATA[25]
WARNING: [Synth 8-3331] design p_prueba has unconnected port S_AXI_WDATA[24]
WARNING: [Synth 8-3331] design p_prueba has unconnected port S_AXI_WDATA[23]
WARNING: [Synth 8-3331] design p_prueba has unconnected port S_AXI_WDATA[22]
WARNING: [Synth 8-3331] design p_prueba has unconnected port S_AXI_WDATA[21]
WARNING: [Synth 8-3331] design p_prueba has unconnected port S_AXI_WDATA[20]
WARNING: [Synth 8-3331] design p_prueba has unconnected port S_AXI_WDATA[19]
WARNING: [Synth 8-3331] design p_prueba has unconnected port S_AXI_WDATA[18]
WARNING: [Synth 8-3331] design p_prueba has unconnected port S_AXI_WDATA[17]
WARNING: [Synth 8-3331] design p_prueba has unconnected port S_AXI_WDATA[16]
WARNING: [Synth 8-3331] design p_prueba has unconnected port S_AXI_WDATA[15]
WARNING: [Synth 8-3331] design p_prueba has unconnected port S_AXI_WDATA[14]
WARNING: [Synth 8-3331] design p_prueba has unconnected port S_AXI_WDATA[13]
WARNING: [Synth 8-3331] design p_prueba has unconnected port S_AXI_WDATA[12]
WARNING: [Synth 8-3331] design p_prueba has unconnected port S_AXI_WDATA[11]
WARNING: [Synth 8-3331] design p_prueba has unconnected port S_AXI_WDATA[10]
WARNING: [Synth 8-3331] design p_prueba has unconnected port S_AXI_WDATA[9]
WARNING: [Synth 8-3331] design p_prueba has unconnected port S_AXI_WDATA[8]
WARNING: [Synth 8-3331] design p_prueba has unconnected port S_AXI_WDATA[7]
WARNING: [Synth 8-3331] design p_prueba has unconnected port S_AXI_WDATA[6]
WARNING: [Synth 8-3331] design p_prueba has unconnected port S_AXI_WDATA[5]
WARNING: [Synth 8-3331] design p_prueba has unconnected port S_AXI_WDATA[4]
WARNING: [Synth 8-3331] design p_prueba has unconnected port S_AXI_WDATA[3]
WARNING: [Synth 8-3331] design VGA_CONTROLLER_v1_0_CONTROLLER_AXI has unconnected port S_AXI_AWPROT[2]
WARNING: [Synth 8-3331] design VGA_CONTROLLER_v1_0_CONTROLLER_AXI has unconnected port S_AXI_AWPROT[1]
WARNING: [Synth 8-3331] design VGA_CONTROLLER_v1_0_CONTROLLER_AXI has unconnected port S_AXI_AWPROT[0]
WARNING: [Synth 8-3331] design VGA_CONTROLLER_v1_0_CONTROLLER_AXI has unconnected port S_AXI_ARPROT[2]
WARNING: [Synth 8-3331] design VGA_CONTROLLER_v1_0_CONTROLLER_AXI has unconnected port S_AXI_ARPROT[1]
WARNING: [Synth 8-3331] design VGA_CONTROLLER_v1_0_CONTROLLER_AXI has unconnected port S_AXI_ARPROT[0]
---------------------------------------------------------------------------------
Finished RTL Elaboration : Time (s): cpu = 00:00:08 ; elapsed = 00:00:11 . Memory (MB): peak = 1373.988 ; gain = 131.609 ; free physical = 6292 ; free virtual = 10005
---------------------------------------------------------------------------------

Report Check Netlist: 
+------+------------------+-------+---------+-------+------------------+
|      |Item              |Errors |Warnings |Status |Description       |
+------+------------------+-------+---------+-------+------------------+
|1     |multi_driven_nets |      0|        0|Passed |Multi driven nets |
+------+------------------+-------+---------+-------+------------------+
---------------------------------------------------------------------------------
Start Handling Custom Attributes
---------------------------------------------------------------------------------
---------------------------------------------------------------------------------
Finished Handling Custom Attributes : Time (s): cpu = 00:00:09 ; elapsed = 00:00:11 . Memory (MB): peak = 1373.988 ; gain = 131.609 ; free physical = 6263 ; free virtual = 9976
---------------------------------------------------------------------------------
---------------------------------------------------------------------------------
Finished RTL Optimization Phase 1 : Time (s): cpu = 00:00:09 ; elapsed = 00:00:11 . Memory (MB): peak = 1373.988 ; gain = 131.609 ; free physical = 6263 ; free virtual = 9976
---------------------------------------------------------------------------------
INFO: [Device 21-403] Loading part xc7z010clg400-1
INFO: [Project 1-570] Preparing netlist for logic optimization

Processing XDC Constraints
Initializing timing engine
Completed Processing XDC Constraints

INFO: [Project 1-111] Unisim Transformation Summary:
No Unisim elements were transformed.

Constraint Validation Runtime : Time (s): cpu = 00:00:00.02 ; elapsed = 00:00:00.03 . Memory (MB): peak = 1676.617 ; gain = 0.000 ; free physical = 5772 ; free virtual = 9449
---------------------------------------------------------------------------------
Finished Constraint Validation : Time (s): cpu = 00:00:26 ; elapsed = 00:00:47 . Memory (MB): peak = 1676.617 ; gain = 434.238 ; free physical = 5792 ; free virtual = 9468
---------------------------------------------------------------------------------
---------------------------------------------------------------------------------
Start Loading Part and Timing Information
---------------------------------------------------------------------------------
Loading part: xc7z010clg400-1
---------------------------------------------------------------------------------
Finished Loading Part and Timing Information : Time (s): cpu = 00:00:26 ; elapsed = 00:00:47 . Memory (MB): peak = 1676.617 ; gain = 434.238 ; free physical = 5792 ; free virtual = 9468
---------------------------------------------------------------------------------
---------------------------------------------------------------------------------
Start Applying 'set_property' XDC Constraints
---------------------------------------------------------------------------------
---------------------------------------------------------------------------------
Finished applying 'set_property' XDC Constraints : Time (s): cpu = 00:00:26 ; elapsed = 00:00:47 . Memory (MB): peak = 1676.617 ; gain = 434.238 ; free physical = 5794 ; free virtual = 9470
---------------------------------------------------------------------------------
---------------------------------------------------------------------------------
Finished RTL Optimization Phase 2 : Time (s): cpu = 00:00:26 ; elapsed = 00:00:47 . Memory (MB): peak = 1676.617 ; gain = 434.238 ; free physical = 5781 ; free virtual = 9458
---------------------------------------------------------------------------------

Report RTL Partitions: 
+-+--------------+------------+----------+
| |RTL Partition |Replication |Instances |
+-+--------------+------------+----------+
+-+--------------+------------+----------+
---------------------------------------------------------------------------------
Start RTL Component Statistics 
---------------------------------------------------------------------------------
Detailed RTL Component Info : 
+---Adders : 
	   2 Input     11 Bit       Adders := 2     
	   2 Input     10 Bit       Adders := 2     
+---XORs : 
	   2 Input      1 Bit         XORs := 3     
+---Registers : 
	               32 Bit    Registers := 5     
	               11 Bit    Registers := 1     
	               10 Bit    Registers := 1     
	                4 Bit    Registers := 2     
	                3 Bit    Registers := 1     
	                2 Bit    Registers := 2     
	                1 Bit    Registers := 8     
+---Muxes : 
	   2 Input     32 Bit        Muxes := 4     
	   4 Input     32 Bit        Muxes := 5     
	   4 Input     11 Bit        Muxes := 1     
	   2 Input     11 Bit        Muxes := 1     
	   4 Input     10 Bit        Muxes := 1     
	   2 Input     10 Bit        Muxes := 2     
	   2 Input      1 Bit        Muxes := 5     
---------------------------------------------------------------------------------
Finished RTL Component Statistics 
---------------------------------------------------------------------------------
---------------------------------------------------------------------------------
Start RTL Hierarchical Component Statistics 
---------------------------------------------------------------------------------
Hierarchical RTL Component report 
Module p_prueba 
Detailed RTL Component Info : 
+---XORs : 
	   2 Input      1 Bit         XORs := 3     
+---Registers : 
	                3 Bit    Registers := 1     
Module syncrovga 
Detailed RTL Component Info : 
+---Adders : 
	   2 Input     11 Bit       Adders := 2     
	   2 Input     10 Bit       Adders := 2     
+---Registers : 
	               11 Bit    Registers := 1     
	               10 Bit    Registers := 1     
	                1 Bit    Registers := 2     
+---Muxes : 
	   4 Input     11 Bit        Muxes := 1     
	   2 Input     11 Bit        Muxes := 1     
	   4 Input     10 Bit        Muxes := 1     
	   2 Input     10 Bit        Muxes := 2     
Module VGA_CONTROLLER_v1_0_CONTROLLER_AXI 
Detailed RTL Component Info : 
+---Registers : 
	               32 Bit    Registers := 5     
	                4 Bit    Registers := 2     
	                2 Bit    Registers := 2     
	                1 Bit    Registers := 6     
+---Muxes : 
	   2 Input     32 Bit        Muxes := 4     
	   4 Input     32 Bit        Muxes := 5     
	   2 Input      1 Bit        Muxes := 5     
---------------------------------------------------------------------------------
Finished RTL Hierarchical Component Statistics
---------------------------------------------------------------------------------
---------------------------------------------------------------------------------
Start Part Resource Summary
---------------------------------------------------------------------------------
Part Resources:
DSPs: 80 (col length:40)
BRAMs: 120 (col length: RAMB18 40 RAMB36 20)
---------------------------------------------------------------------------------
Finished Part Resource Summary
---------------------------------------------------------------------------------
---------------------------------------------------------------------------------
Start Cross Boundary and Area Optimization
---------------------------------------------------------------------------------
Warning: Parallel synthesis criteria is not met 
WARNING: [Synth 8-3331] design system_VGA_CONTROLLER_0_0 has unconnected port controller_axi_awprot[2]
WARNING: [Synth 8-3331] design system_VGA_CONTROLLER_0_0 has unconnected port controller_axi_awprot[1]
WARNING: [Synth 8-3331] design system_VGA_CONTROLLER_0_0 has unconnected port controller_axi_awprot[0]
WARNING: [Synth 8-3331] design system_VGA_CONTROLLER_0_0 has unconnected port controller_axi_arprot[2]
WARNING: [Synth 8-3331] design system_VGA_CONTROLLER_0_0 has unconnected port controller_axi_arprot[1]
WARNING: [Synth 8-3331] design system_VGA_CONTROLLER_0_0 has unconnected port controller_axi_arprot[0]
INFO: [Synth 8-3333] propagating constant 1 across sequential element (\U0/VGA_CONTROLLER_v1_0_CONTROLLER_AXI_inst/aw_en_reg )
INFO: [Synth 8-3886] merging instance 'U0/VGA_CONTROLLER_v1_0_CONTROLLER_AXI_inst/axi_rresp_reg[0]' (FDRE) to 'U0/VGA_CONTROLLER_v1_0_CONTROLLER_AXI_inst/axi_rresp_reg[1]'
INFO: [Synth 8-3333] propagating constant 0 across sequential element (\U0/VGA_CONTROLLER_v1_0_CONTROLLER_AXI_inst/axi_rresp_reg[1] )
INFO: [Synth 8-3886] merging instance 'U0/VGA_CONTROLLER_v1_0_CONTROLLER_AXI_inst/axi_bresp_reg[0]' (FDRE) to 'U0/VGA_CONTROLLER_v1_0_CONTROLLER_AXI_inst/axi_bresp_reg[1]'
INFO: [Synth 8-3333] propagating constant 0 across sequential element (\U0/VGA_CONTROLLER_v1_0_CONTROLLER_AXI_inst/axi_bresp_reg[1] )
INFO: [Synth 8-3332] Sequential element (U0/VGA_CONTROLLER_v1_0_CONTROLLER_AXI_inst/aw_en_reg) is unused and will be removed from module system_VGA_CONTROLLER_0_0.
INFO: [Synth 8-3332] Sequential element (U0/VGA_CONTROLLER_v1_0_CONTROLLER_AXI_inst/axi_bresp_reg[1]) is unused and will be removed from module system_VGA_CONTROLLER_0_0.
INFO: [Synth 8-3332] Sequential element (U0/VGA_CONTROLLER_v1_0_CONTROLLER_AXI_inst/axi_araddr_reg[1]) is unused and will be removed from module system_VGA_CONTROLLER_0_0.
INFO: [Synth 8-3332] Sequential element (U0/VGA_CONTROLLER_v1_0_CONTROLLER_AXI_inst/axi_araddr_reg[0]) is unused and will be removed from module system_VGA_CONTROLLER_0_0.
INFO: [Synth 8-3332] Sequential element (U0/VGA_CONTROLLER_v1_0_CONTROLLER_AXI_inst/axi_awaddr_reg[1]) is unused and will be removed from module system_VGA_CONTROLLER_0_0.
INFO: [Synth 8-3332] Sequential element (U0/VGA_CONTROLLER_v1_0_CONTROLLER_AXI_inst/axi_awaddr_reg[0]) is unused and will be removed from module system_VGA_CONTROLLER_0_0.
INFO: [Synth 8-3332] Sequential element (U0/VGA_CONTROLLER_v1_0_CONTROLLER_AXI_inst/axi_rresp_reg[1]) is unused and will be removed from module system_VGA_CONTROLLER_0_0.
---------------------------------------------------------------------------------
Finished Cross Boundary and Area Optimization : Time (s): cpu = 00:00:27 ; elapsed = 00:00:48 . Memory (MB): peak = 1676.617 ; gain = 434.238 ; free physical = 5748 ; free virtual = 9426
---------------------------------------------------------------------------------

Report RTL Partitions: 
+-+--------------+------------+----------+
| |RTL Partition |Replication |Instances |
+-+--------------+------------+----------+
+-+--------------+------------+----------+
---------------------------------------------------------------------------------
Start Applying XDC Timing Constraints
---------------------------------------------------------------------------------
---------------------------------------------------------------------------------
Finished Applying XDC Timing Constraints : Time (s): cpu = 00:00:34 ; elapsed = 00:00:59 . Memory (MB): peak = 1676.617 ; gain = 434.238 ; free physical = 5447 ; free virtual = 9130
---------------------------------------------------------------------------------
---------------------------------------------------------------------------------
Start Timing Optimization
---------------------------------------------------------------------------------
---------------------------------------------------------------------------------
Finished Timing Optimization : Time (s): cpu = 00:00:34 ; elapsed = 00:00:59 . Memory (MB): peak = 1676.617 ; gain = 434.238 ; free physical = 5437 ; free virtual = 9119
---------------------------------------------------------------------------------

Report RTL Partitions: 
+-+--------------+------------+----------+
| |RTL Partition |Replication |Instances |
+-+--------------+------------+----------+
+-+--------------+------------+----------+
---------------------------------------------------------------------------------
Start Technology Mapping
---------------------------------------------------------------------------------
---------------------------------------------------------------------------------
Finished Technology Mapping : Time (s): cpu = 00:00:34 ; elapsed = 00:00:59 . Memory (MB): peak = 1676.617 ; gain = 434.238 ; free physical = 5417 ; free virtual = 9099
---------------------------------------------------------------------------------

Report RTL Partitions: 
+-+--------------+------------+----------+
| |RTL Partition |Replication |Instances |
+-+--------------+------------+----------+
+-+--------------+------------+----------+
---------------------------------------------------------------------------------
Start IO Insertion
---------------------------------------------------------------------------------
---------------------------------------------------------------------------------
Start Flattening Before IO Insertion
---------------------------------------------------------------------------------
---------------------------------------------------------------------------------
Finished Flattening Before IO Insertion
---------------------------------------------------------------------------------
---------------------------------------------------------------------------------
Start Final Netlist Cleanup
---------------------------------------------------------------------------------
---------------------------------------------------------------------------------
Finished Final Netlist Cleanup
---------------------------------------------------------------------------------
---------------------------------------------------------------------------------
Finished IO Insertion : Time (s): cpu = 00:00:35 ; elapsed = 00:01:00 . Memory (MB): peak = 1676.617 ; gain = 434.238 ; free physical = 5393 ; free virtual = 9075
---------------------------------------------------------------------------------

Report Check Netlist: 
+------+------------------+-------+---------+-------+------------------+
|      |Item              |Errors |Warnings |Status |Description       |
+------+------------------+-------+---------+-------+------------------+
|1     |multi_driven_nets |      0|        0|Passed |Multi driven nets |
+------+------------------+-------+---------+-------+------------------+
---------------------------------------------------------------------------------
Start Renaming Generated Instances
---------------------------------------------------------------------------------
---------------------------------------------------------------------------------
Finished Renaming Generated Instances : Time (s): cpu = 00:00:35 ; elapsed = 00:01:00 . Memory (MB): peak = 1676.617 ; gain = 434.238 ; free physical = 5393 ; free virtual = 9075
---------------------------------------------------------------------------------

Report RTL Partitions: 
+-+--------------+------------+----------+
| |RTL Partition |Replication |Instances |
+-+--------------+------------+----------+
+-+--------------+------------+----------+
---------------------------------------------------------------------------------
Start Rebuilding User Hierarchy
---------------------------------------------------------------------------------
---------------------------------------------------------------------------------
Finished Rebuilding User Hierarchy : Time (s): cpu = 00:00:35 ; elapsed = 00:01:00 . Memory (MB): peak = 1676.617 ; gain = 434.238 ; free physical = 5393 ; free virtual = 9075
---------------------------------------------------------------------------------
---------------------------------------------------------------------------------
Start Renaming Generated Ports
---------------------------------------------------------------------------------
---------------------------------------------------------------------------------
Finished Renaming Generated Ports : Time (s): cpu = 00:00:35 ; elapsed = 00:01:00 . Memory (MB): peak = 1676.617 ; gain = 434.238 ; free physical = 5393 ; free virtual = 9075
---------------------------------------------------------------------------------
---------------------------------------------------------------------------------
Start Handling Custom Attributes
---------------------------------------------------------------------------------
---------------------------------------------------------------------------------
Finished Handling Custom Attributes : Time (s): cpu = 00:00:35 ; elapsed = 00:01:00 . Memory (MB): peak = 1676.617 ; gain = 434.238 ; free physical = 5393 ; free virtual = 9075
---------------------------------------------------------------------------------
---------------------------------------------------------------------------------
Start Renaming Generated Nets
---------------------------------------------------------------------------------
---------------------------------------------------------------------------------
Finished Renaming Generated Nets : Time (s): cpu = 00:00:35 ; elapsed = 00:01:00 . Memory (MB): peak = 1676.617 ; gain = 434.238 ; free physical = 5393 ; free virtual = 9075
---------------------------------------------------------------------------------
---------------------------------------------------------------------------------
Start Writing Synthesis Report
---------------------------------------------------------------------------------

Report BlackBoxes: 
+-+--------------+----------+
| |BlackBox name |Instances |
+-+--------------+----------+
+-+--------------+----------+

Report Cell Usage: 
+------+-----+------+
|      |Cell |Count |
+------+-----+------+
|1     |LUT1 |     1|
|2     |LUT2 |     8|
|3     |LUT3 |    11|
|4     |LUT4 |    28|
|5     |LUT5 |    14|
|6     |LUT6 |    66|
|7     |FDCE |    24|
|8     |FDRE |   169|
|9     |FDSE |     2|
+------+-----+------+

Report Instance Areas: 
+------+--------------------------------------------+-----------------------------------+------+
|      |Instance                                    |Module                             |Cells |
+------+--------------------------------------------+-----------------------------------+------+
|1     |top                                         |                                   |   323|
|2     |  U0                                        |VGA_CONTROLLER_v1_0                |   323|
|3     |    VGA_CONTROLLER_v1_0_CONTROLLER_AXI_inst |VGA_CONTROLLER_v1_0_CONTROLLER_AXI |   323|
|4     |      controller_vga                        |syncrovga                          |    94|
|5     |        patrones_inst                       |p_prueba                           |    18|
+------+--------------------------------------------+-----------------------------------+------+
---------------------------------------------------------------------------------
Finished Writing Synthesis Report : Time (s): cpu = 00:00:35 ; elapsed = 00:01:00 . Memory (MB): peak = 1676.617 ; gain = 434.238 ; free physical = 5393 ; free virtual = 9075
---------------------------------------------------------------------------------
Synthesis finished with 0 errors, 0 critical warnings and 6 warnings.
Synthesis Optimization Runtime : Time (s): cpu = 00:00:25 ; elapsed = 00:00:35 . Memory (MB): peak = 1676.617 ; gain = 131.609 ; free physical = 5482 ; free virtual = 9164
Synthesis Optimization Complete : Time (s): cpu = 00:00:35 ; elapsed = 00:01:00 . Memory (MB): peak = 1676.625 ; gain = 434.238 ; free physical = 5491 ; free virtual = 9173
INFO: [Project 1-571] Translating synthesized netlist
INFO: [Project 1-570] Preparing netlist for logic optimization
INFO: [Opt 31-138] Pushed 0 inverter(s) to 0 load pin(s).
INFO: [Project 1-111] Unisim Transformation Summary:
No Unisim elements were transformed.

INFO: [Common 17-83] Releasing license: Synthesis
37 Infos, 52 Warnings, 0 Critical Warnings and 0 Errors encountered.
synth_design completed successfully
synth_design: Time (s): cpu = 00:00:37 ; elapsed = 00:01:01 . Memory (MB): peak = 1676.625 ; gain = 453.703 ; free physical = 5521 ; free virtual = 9200
INFO: [Common 17-1381] The checkpoint '/home/lucasml/Escritorio/CESE/Microarquitecturasysoftcores/Laboratorios/laboratorio4/laboratorio4.runs/system_VGA_CONTROLLER_0_0_synth_1/system_VGA_CONTROLLER_0_0.dcp' has been generated.
